<?xml version="1.0" encoding="UTF-8"?>
<!-- Generated by org.testng.reporters.JUnitReportReporter -->
<testsuite hostname="DESKTOP-URBSHGT" failures="0" tests="1" name="testCases.LoginNinja" time="29.893" errors="0" timestamp="2023-11-20T19:16:47 IST" skipped="0">
  <testcase classname="testCases.LoginNinja" name="NinjaLogin" time="29.893"/>
  <system-out/>
</testsuite> <!-- testCases.LoginNinja -->
