<?xml version="1.0" encoding="UTF-8"?>
<!-- Generated by org.testng.reporters.JUnitReportReporter -->
<testsuite hostname="DESKTOP-URBSHGT" failures="0" tests="3" name="testCases.SearchTest" time="50.230" errors="0" timestamp="2023-11-22T18:16:32 IST" skipped="0">
  <testcase classname="testCases.SearchTest" name="searchWithValidproduct" time="22.437"/>
  <system-out/>
  <testcase classname="testCases.SearchTest" name="searchWithInvalidproduct" time="15.010"/>
  <system-out/>
  <testcase classname="testCases.SearchTest" name="verifywithoutenringtheProduct" time="12.783"/>
  <system-out/>
</testsuite> <!-- testCases.SearchTest -->
