<?xml version="1.0" encoding="UTF-8"?>
<!-- Generated by org.testng.reporters.JUnitReportReporter -->
<testsuite hostname="DESKTOP-URBSHGT" failures="0" tests="5" name="testCases.LoginNinja" time="98.104" errors="0" timestamp="2023-11-20T20:22:23 IST" skipped="0">
  <testcase classname="testCases.LoginNinja" name="NinjaLogin" time="20.384"/>
  <system-out/>
  <testcase classname="testCases.LoginNinja" name="verifyInvalidLogin" time="18.233"/>
  <system-out/>
  <testcase classname="testCases.LoginNinja" name="loginwithInvalidEmailandValidpassword" time="16.021"/>
  <system-out/>
  <testcase classname="testCases.LoginNinja" name="loginwithValidemailandInvalidemail" time="23.165"/>
  <system-out/>
  <testcase classname="testCases.LoginNinja" name="withoutEmailandPassword" time="20.301"/>
  <system-out/>
</testsuite> <!-- testCases.LoginNinja -->
