<?xml version="1.0" encoding="UTF-8"?>
<!-- Generated by org.testng.reporters.JUnitReportReporter -->
<testsuite hostname="DESKTOP-URBSHGT" failures="0" tests="5" name="testCases.LoginNinjaTest" time="116.100" errors="0" timestamp="2023-11-22T18:16:32 IST" skipped="1">
  <testcase classname="testCases.LoginNinjaTest" name="NinjaLogin" time="22.014">
    <skipped/>
  </testcase> <!-- NinjaLogin -->
  <system-out/>
  <testcase classname="testCases.LoginNinjaTest" name="verifyInvalidLogin" time="36.682"/>
  <system-out/>
  <testcase classname="testCases.LoginNinjaTest" name="loginwithInvalidEmailandValidpassword" time="26.146"/>
  <system-out/>
  <testcase classname="testCases.LoginNinjaTest" name="loginwithValidemailandInvalidemail" time="30.178"/>
  <system-out/>
  <testcase classname="testCases.LoginNinjaTest" name="withoutEmailandPassword" time="1.080"/>
  <system-out/>
</testsuite> <!-- testCases.LoginNinjaTest -->
