<?xml version="1.0" encoding="UTF-8"?>
<!-- Generated by org.testng.reporters.JUnitReportReporter -->
<testsuite hostname="DESKTOP-URBSHGT" failures="0" tests="1" name="testCases.LoginNinja" time="16.003" errors="0" timestamp="2023-11-20T18:52:44 IST" skipped="0">
  <testcase classname="testCases.LoginNinja" name="NinjaLogin" time="16.003"/>
  <system-out/>
</testsuite> <!-- testCases.LoginNinja -->
