<?xml version="1.0" encoding="UTF-8"?>
<!-- Generated by org.testng.reporters.JUnitReportReporter -->
<testsuite hostname="DESKTOP-URBSHGT" failures="0" tests="4" name="testCases.RegisterTest" time="111.171" errors="0" timestamp="2023-11-22T18:16:32 IST" skipped="0">
  <testcase classname="testCases.RegisterTest" name="registerWithMandatoryFields" time="21.450"/>
  <system-out/>
  <testcase classname="testCases.RegisterTest" name="verifyWithAllfields" time="22.641"/>
  <system-out/>
  <testcase classname="testCases.RegisterTest" name="verifyduplicateEmail" time="25.138"/>
  <system-out/>
  <testcase classname="testCases.RegisterTest" name="verifyWithoutFillingtheDetails" time="41.942"/>
  <system-out/>
</testsuite> <!-- testCases.RegisterTest -->
