<?xml version="1.0" encoding="UTF-8"?>
<!-- Generated by org.testng.reporters.JUnitReportReporter -->
<testsuite hostname="DESKTOP-URBSHGT" failures="0" tests="5" name="testCases.LoginNinja" time="93.024" errors="0" timestamp="2023-11-20T20:38:55 IST" skipped="0">
  <testcase classname="testCases.LoginNinja" name="NinjaLogin" time="21.112"/>
  <system-out/>
  <testcase classname="testCases.LoginNinja" name="verifyInvalidLogin" time="20.279"/>
  <system-out/>
  <testcase classname="testCases.LoginNinja" name="loginwithInvalidEmailandValidpassword" time="15.766"/>
  <system-out/>
  <testcase classname="testCases.LoginNinja" name="loginwithValidemailandInvalidemail" time="20.160"/>
  <system-out/>
  <testcase classname="testCases.LoginNinja" name="withoutEmailandPassword" time="15.707"/>
  <system-out/>
</testsuite> <!-- testCases.LoginNinja -->
